<?xml version="1.0" encoding="UTF-8"?>
<testsuite name="MyJunit" tests="1" skipped="0" failures="0" errors="0" timestamp="2022-01-15T17:15:23" hostname="DESKTOP-NV156R6" time="98.094">
  <properties/>
  <testcase name="getTitle" classname="MyJunit" time="98.094"/>
  <system-out><![CDATA[ToolsQA
]]></system-out>
  <system-err><![CDATA[SLF4J: Failed to load class "org.slf4j.impl.StaticLoggerBinder".
SLF4J: Defaulting to no-operation (NOP) logger implementation
SLF4J: See http://www.slf4j.org/codes.html#StaticLoggerBinder for further details.
1642266926943	geckodriver	INFO	Listening on 127.0.0.1:54167
1642266932100	mozrunner::runner	INFO	Running command: "C:\\Program Files\\Mozilla Firefox\\firefox.exe" "--marionette" "--headed" "--remote-debugging-port" "54293" "-no-remote" "-profile" "C:\\Users\\user\\AppData\\Local\\Temp\\rust_mozprofileWBBiTj"
1642266936259	Marionette	INFO	Marionette enabled
console.warn: SearchSettings: "get: No settings file exists, new profile?" (new NotFoundError("Could not open the file at C:\\Users\\user\\AppData\\Local\\Temp\\rust_mozprofileWBBiTj\\search.json.mozlz4", (void 0)))
DevTools listening on ws://localhost:54293/devtools/browser/65afa3d5-3a67-4c15-8da6-d0ac2a1c675a
1642266948796	Marionette	INFO	Listening on port 53044
console.error: Region.jsm: "Error fetching region" (new Error("TIMEOUT", "resource://gre/modules/Region.jsm", 772))
console.error: Region.jsm: "Failed to fetch region" (new Error("TIMEOUT", "resource://gre/modules/Region.jsm", 419))
1642266951348	RemoteAgent	WARN	TLS certificate errors will be ignored for this session
Jan 15, 2022 11:15:54 PM org.openqa.selenium.remote.ProtocolHandshake createSession
INFO: Detected dialect: W3C
JavaScript warning: https://pagead2.googlesyndication.com/bg/oCaBrhzCGlT5mvuc9Dz4nEKrkbyTgapk6W_7TPRun4A.js line 1 > eval line 1177 > eval, line 1: WEBGL_debug_renderer_info is deprecated in Firefox and will be removed. Please use RENDERER.
]]></system-err>
</testsuite>
